<?xml version="1.0" encoding="UTF-8"?>
<testsuite name="se.tmkr.system.RequestControllerTest" tests="1" skipped="0" failures="0" errors="0" timestamp="2022-05-02T04:59:51" hostname="SE-JYLIM" time="0.604">
  <properties/>
  <testcase name="Posts_등록된다2" classname="se.tmkr.system.RequestControllerTest" time="0.604"/>
  <system-out><![CDATA[13:59:45.480 [Test worker] DEBUG org.springframework.test.annotation.ProfileValueUtils - Retrieved @ProfileValueSourceConfiguration [null] for test class [se.tmkr.system.RequestControllerTest]
13:59:45.480 [Test worker] DEBUG org.springframework.test.annotation.ProfileValueUtils - Retrieved ProfileValueSource type [class org.springframework.test.annotation.SystemProfileValueSource] for class [se.tmkr.system.RequestControllerTest]
13:59:45.480 [Test worker] DEBUG org.springframework.test.annotation.ProfileValueUtils - Retrieved @ProfileValueSourceConfiguration [null] for test class [se.tmkr.system.RequestControllerTest]
13:59:45.480 [Test worker] DEBUG org.springframework.test.annotation.ProfileValueUtils - Retrieved ProfileValueSource type [class org.springframework.test.annotation.SystemProfileValueSource] for class [se.tmkr.system.RequestControllerTest]
13:59:45.480 [Test worker] DEBUG org.springframework.test.context.support.AbstractDirtiesContextTestExecutionListener - Before test class: context [DefaultTestContext@4167d97b testClass = RequestControllerTest, testInstance = [null], testMethod = [null], testException = [null], mergedContextConfiguration = [WebMergedContextConfiguration@14fa86ae testClass = RequestControllerTest, locations = '{}', classes = '{class se.tmkr.system.Application}', contextInitializerClasses = '[]', activeProfiles = '{}', propertySourceLocations = '{}', propertySourceProperties = '{org.springframework.boot.test.context.SpringBootTestContextBootstrapper=true, server.port=0}', contextCustomizers = set[org.springframework.boot.test.autoconfigure.properties.PropertyMappingContextCustomizer@0, org.springframework.boot.test.autoconfigure.web.servlet.WebDriverContextCustomizerFactory$Customizer@53aad5d5, org.springframework.boot.test.context.filter.ExcludeFilterContextCustomizer@78ffe6dc, org.springframework.boot.test.json.DuplicateJsonObjectContextCustomizerFactory$DuplicateJsonObjectContextCustomizer@68e965f5, org.springframework.boot.test.mock.mockito.MockitoContextCustomizer@0, org.springframework.boot.test.web.client.TestRestTemplateContextCustomizer@5fa07e12], resourceBasePath = 'src/main/webapp', contextLoader = 'org.springframework.boot.test.context.SpringBootContextLoader', parent = [null]], attributes = map['org.springframework.test.context.web.ServletTestExecutionListener.activateListener' -> false]], class annotated with @DirtiesContext [false] with mode [null].
13:59:45.480 [Test worker] DEBUG org.springframework.test.annotation.ProfileValueUtils - Retrieved @ProfileValueSourceConfiguration [null] for test class [se.tmkr.system.RequestControllerTest]
13:59:45.480 [Test worker] DEBUG org.springframework.test.annotation.ProfileValueUtils - Retrieved ProfileValueSource type [class org.springframework.test.annotation.SystemProfileValueSource] for class [se.tmkr.system.RequestControllerTest]
13:59:45.480 [Test worker] DEBUG org.springframework.test.context.support.DependencyInjectionTestExecutionListener - Performing dependency injection for test context [[DefaultTestContext@4167d97b testClass = RequestControllerTest, testInstance = se.tmkr.system.RequestControllerTest@67b9b51a, testMethod = [null], testException = [null], mergedContextConfiguration = [WebMergedContextConfiguration@14fa86ae testClass = RequestControllerTest, locations = '{}', classes = '{class se.tmkr.system.Application}', contextInitializerClasses = '[]', activeProfiles = '{}', propertySourceLocations = '{}', propertySourceProperties = '{org.springframework.boot.test.context.SpringBootTestContextBootstrapper=true, server.port=0}', contextCustomizers = set[org.springframework.boot.test.autoconfigure.properties.PropertyMappingContextCustomizer@0, org.springframework.boot.test.autoconfigure.web.servlet.WebDriverContextCustomizerFactory$Customizer@53aad5d5, org.springframework.boot.test.context.filter.ExcludeFilterContextCustomizer@78ffe6dc, org.springframework.boot.test.json.DuplicateJsonObjectContextCustomizerFactory$DuplicateJsonObjectContextCustomizer@68e965f5, org.springframework.boot.test.mock.mockito.MockitoContextCustomizer@0, org.springframework.boot.test.web.client.TestRestTemplateContextCustomizer@5fa07e12], resourceBasePath = 'src/main/webapp', contextLoader = 'org.springframework.boot.test.context.SpringBootContextLoader', parent = [null]], attributes = map['org.springframework.test.context.web.ServletTestExecutionListener.activateListener' -> false]]].
13:59:45.496 [Test worker] DEBUG org.springframework.test.context.support.TestPropertySourceUtils - Adding inlined properties to environment: {spring.jmx.enabled=false, org.springframework.boot.test.context.SpringBootTestContextBootstrapper=true, server.port=0}

  .   ____          _            __ _ _
 /\\ / ___'_ __ _ _(_)_ __  __ _ \ \ \ \
( ( )\___ | '_ | '_| | '_ \/ _` | \ \ \ \
 \\/  ___)| |_)| | | | | || (_| |  ) ) ) )
  '  |____| .__|_| |_|_| |_\__, | / / / /
 =========|_|==============|___/=/_/_/_/
 :: Spring Boot ::        (v2.1.7.RELEASE)

2022-05-02 13:59:45.719  INFO 1068 --- [    Test worker] se.tmkr.system.RequestControllerTest     : Starting RequestControllerTest on SE-JYLIM with PID 1068 (started by USER in C:\jylim\tmkr_DMS-SYSTEM)
2022-05-02 13:59:45.719  INFO 1068 --- [    Test worker] se.tmkr.system.RequestControllerTest     : No active profile set, falling back to default profiles: default
2022-05-02 13:59:46.410  INFO 1068 --- [    Test worker] .s.d.r.c.RepositoryConfigurationDelegate : Bootstrapping Spring Data repositories in DEFAULT mode.
2022-05-02 13:59:46.426  INFO 1068 --- [    Test worker] .s.d.r.c.RepositoryConfigurationDelegate : Finished Spring Data repository scanning in 16ms. Found 0 repository interfaces.
2022-05-02 13:59:46.729  INFO 1068 --- [    Test worker] trationDelegate$BeanPostProcessorChecker : Bean 'org.springframework.transaction.annotation.ProxyTransactionManagementConfiguration' of type [org.springframework.transaction.annotation.ProxyTransactionManagementConfiguration$$EnhancerBySpringCGLIB$$1e8d13e7] is not eligible for getting processed by all BeanPostProcessors (for example: not eligible for auto-proxying)
2022-05-02 13:59:47.072  INFO 1068 --- [    Test worker] o.s.b.w.embedded.tomcat.TomcatWebServer  : Tomcat initialized with port(s): 0 (http)
2022-05-02 13:59:47.091  INFO 1068 --- [    Test worker] o.apache.catalina.core.StandardService   : Starting service [Tomcat]
2022-05-02 13:59:47.091  INFO 1068 --- [    Test worker] org.apache.catalina.core.StandardEngine  : Starting Servlet engine: [Apache Tomcat/9.0.22]
2022-05-02 13:59:47.215  INFO 1068 --- [    Test worker] o.a.c.c.C.[Tomcat].[localhost].[/]       : Initializing Spring embedded WebApplicationContext
2022-05-02 13:59:47.215  INFO 1068 --- [    Test worker] o.s.web.context.ContextLoader            : Root WebApplicationContext: initialization completed in 1456 ms
2022-05-02 13:59:47.514  INFO 1068 --- [    Test worker] com.zaxxer.hikari.HikariDataSource       : HikariPool-1 - Starting...
2022-05-02 13:59:47.514  WARN 1068 --- [    Test worker] com.zaxxer.hikari.util.DriverDataSource  : Registered driver with driverClassName=oracle.jdbc.driver.OracleDriver was not found, trying direct instantiation.
2022-05-02 13:59:49.067  INFO 1068 --- [    Test worker] com.zaxxer.hikari.HikariDataSource       : HikariPool-1 - Start completed.
2022-05-02 13:59:49.115  INFO 1068 --- [    Test worker] o.hibernate.jpa.internal.util.LogHelper  : HHH000204: Processing PersistenceUnitInfo [
	name: default
	...]
2022-05-02 13:59:49.196  INFO 1068 --- [    Test worker] org.hibernate.Version                    : HHH000412: Hibernate Core {5.3.10.Final}
2022-05-02 13:59:49.196  INFO 1068 --- [    Test worker] org.hibernate.cfg.Environment            : HHH000206: hibernate.properties not found
2022-05-02 13:59:49.493  INFO 1068 --- [    Test worker] o.hibernate.annotations.common.Version   : HCANN000001: Hibernate Commons Annotations {5.0.4.Final}
2022-05-02 13:59:49.637  INFO 1068 --- [    Test worker] org.hibernate.dialect.Dialect            : HHH000400: Using dialect: org.hibernate.dialect.Oracle10gDialect
2022-05-02 13:59:50.115  INFO 1068 --- [    Test worker] j.LocalContainerEntityManagerFactoryBean : Initialized JPA EntityManagerFactory for persistence unit 'default'
2022-05-02 13:59:50.829  INFO 1068 --- [    Test worker] o.s.s.concurrent.ThreadPoolTaskExecutor  : Initializing ExecutorService 'applicationTaskExecutor'
2022-05-02 13:59:50.893  WARN 1068 --- [    Test worker] aWebConfiguration$JpaWebMvcConfiguration : spring.jpa.open-in-view is enabled by default. Therefore, database queries may be performed during view rendering. Explicitly configure spring.jpa.open-in-view to disable this warning
2022-05-02 13:59:51.027  WARN 1068 --- [    Test worker] o.s.b.a.m.MustacheAutoConfiguration      : Cannot find template location: classpath:/templates/ (please add some templates, check your Mustache configuration, or set spring.mustache.check-template-location=false)
2022-05-02 13:59:51.278  INFO 1068 --- [    Test worker] o.s.b.w.embedded.tomcat.TomcatWebServer  : Tomcat started on port(s): 50305 (http) with context path ''
2022-05-02 13:59:51.280  INFO 1068 --- [    Test worker] se.tmkr.system.RequestControllerTest     : Started RequestControllerTest in 5.784 seconds (JVM running for 6.882)
2022-05-02 13:59:51.345  INFO 1068 --- [    Test worker] o.a.c.c.C.[Tomcat].[localhost].[/]       : Initializing Spring TestDispatcherServlet ''
2022-05-02 13:59:51.345  INFO 1068 --- [    Test worker] o.s.t.web.servlet.TestDispatcherServlet  : Initializing Servlet ''
2022-05-02 13:59:51.346  INFO 1068 --- [    Test worker] o.s.t.web.servlet.TestDispatcherServlet  : Completed initialization in 1 ms
>>>>>>>>>>>>>>>>>>>>>>>>>>>>>>>>>>>
RequestDto{reqNo='190114_0002', reqDealerId='TM00000', dealerUserId='TMR031153', bizArea='03'}
{dealerUserId=TMR031153, reqDealerId=TM00000, admitUserId=TMR131083, reqMemo=현재 새롭게 개발된 화학물 관리 시스템은
수입화학물에 대한 시험/인증 부재 시 수입금지 조치 및 판매 금지 조치를 위한 시스템입니다만

Local화학물 목록에 대해서도 동일하게 적용되므로
088품번이면서 Local 화학물인 경우 이러한 수입금지 프로세스를 거치지 않도록 하는 것이 맞습니다

1. 현재 요청드린 Local 엔진오일인 경우에는 판매가능으로 조치 부탁드립니다
2. Local 화학물에 대한 프로세스에 대한 논의 정리 필요합니다 
     - 예) 부서장 또는 임원이 확인하여 Local제품으로 체크 프로세스 추가, updEmplId=SE_LEESH, publicYn=N, likeFormChk=X, reqNo=190114_0002, menuName=화학물등록, leadTime=55, tmkrAcceptDt=2019-01-14 15:47:00.0, dntAcceptDt=2019-02-15 01:00:00.0, testMemo=확인함, dntUserId=SE_LEESH, applyReqDt=20190114, admitDt=2019-04-05 12:54:49.0, tmkrUserId=TMR131083, systemType=01, admitMigDt=2019-04-05 19:00:00.0, menuId=I060255, progressStatus=08, reqTitle=Local 화학물에 대한 별도 관리 건, dntScheduleEndDt=2019-02-15, MH=4, bizArea=03, endReqDt=2019-02-15 13:55:00.0, testUserId=TMR031153, tmkrMemo=처리 부탁 드립니다. -[TMKR - GAISD - 허진혁]

, priority=04, dntMemo=해당건 로컬화학물에 대해서는 화학물 비대상 처리 하였습니다., regDt=2019-01-14 15:26:06.0, testDt=2019-04-05 11:20:12.0, regEmplId=TMR031153, endMigDt=2019-04-05 15:00:00.0, reqType=01, reqDt=2019-01-14 15:22:00.0, dntScheduleStartDt=2019-02-15, updDt=2019-04-05 15:45:51.0}
>>>>>>>>>>>>>>>>>>>>>>>>>>>>>>>>>>>
]]></system-out>
  <system-err><![CDATA[]]></system-err>
</testsuite>
